<?xml version="1.0" encoding="utf-8"?><testsuites name="pytest tests"><testsuite name="pytest" errors="0" failures="0" skipped="0" tests="18" time="3.448" timestamp="2026-07-20T17:23:32.695379+00:00" hostname="agent-env-67565520-4060-4e17-a865-b34112338b39"><testcase classname="tests.backend_test.TestAuth" name="test_login_success_sets_cookies" time="0.394" /><testcase classname="tests.backend_test.TestAdmin" name="test_registrations_unauth" time="0.147" /><testcase classname="tests.backend_test.TestAdmin" name="test_stats_unauth" time="0.243" /><testcase classname="tests.backend_test.TestAuth" name="test_login_invalid" time="0.323" /><testcase classname="tests.backend_test.TestAdmin" name="test_admin_list_registrations" time="0.823" /><testcase classname="tests.backend_test.TestAdmin" name="test_admin_stats" time="0.067" /><testcase classname="tests.backend_test.TestAuth" name="test_me_with_cookie" time="0.599" /><testcase classname="tests.backend_test.TestAdmin" name="test_admin_patch_and_delete" time="0.240" /><testcase classname="tests.backend_test.TestAuth" name="test_me_unauthenticated" time="0.120" /><testcase classname="tests.backend_test.TestAuth" name="test_logout" time="0.395" /><testcase classname="tests.backend_test.TestAdmin" name="test_delete_unauth" time="0.273" /><testcase classname="tests.backend_test.TestRegistrations" name="test_create_registration_single_class" time="0.160" /><testcase classname="tests.backend_test.TestPayments" name="test_checkout_creates_stripe_session" time="0.958" /><testcase classname="tests.backend_test.TestRegistrations" name="test_create_registration_multi_class" time="0.662" /><testcase classname="tests.backend_test.TestRegistrations" name="test_create_registration_no_classes" time="0.171" /><testcase classname="tests.backend_test.TestContact" name="test_contact_create" time="0.095" /><testcase classname="tests.backend_test.TestPayments" name="test_checkout_bad_registration" time="0.047" /><testcase classname="tests.backend_test" name="test_root" time="0.047" /></testsuite></testsuites>